<?xml version="1.0" encoding="UTF-8"?>
<testsuite name="testUI.SingUpFreeTest" tests="1" skipped="0" failures="0" errors="0" timestamp="2022-07-23T17:33:25" hostname="DESKTOP-VK4KVCE" time="16.732">
  <properties/>
  <testcase name="verifySingUpTest()" classname="testUI.SingUpFreeTest" time="16.732"/>
  <system-out><![CDATA[]]></system-out>
  <system-err><![CDATA[SLF4J: Failed to load class "org.slf4j.impl.StaticLoggerBinder".
SLF4J: Defaulting to no-operation (NOP) logger implementation
SLF4J: See http://www.slf4j.org/codes.html#StaticLoggerBinder for further details.
Starting ChromeDriver 103.0.5060.53 (a1711811edd74ff1cf2150f36ffa3b0dae40b17f-refs/branch-heads/5060@{#853}) on port 52130
Only local connections are allowed.
Please see https://chromedriver.chromium.org/security-considerations for suggestions on keeping ChromeDriver safe.
ChromeDriver was started successfully.
jul 23, 2022 11:33:29 AM org.openqa.selenium.remote.ProtocolHandshake createSession
INFORMACIÓN: Detected upstream dialect: W3C
jul 23, 2022 11:33:29 AM org.openqa.selenium.devtools.CdpVersionFinder findNearestMatch
INFORMACIÓN: Found exact CDP implementation for version 103
]]></system-err>
</testsuite>
